C:\Users\daotq\AppData\Local\nvm\v18.20.7\NPM.CMD:1
:: Created by npm, please don't edit manually.
^

SyntaxError: Unexpected token ':'
    at internalCompileFunction (node:internal/vm:76:18)
    at wrapSafe (node:internal/modules/cjs/loader:1283:20)
    at Module._compile (node:internal/modules/cjs/loader:1328:27)
    at Module._extensions..js (node:internal/modules/cjs/loader:1422:10)
    at Module.load (node:internal/modules/cjs/loader:1203:32)
    at Module._load (node:internal/modules/cjs/loader:1019:12)
    at C:\Users\daotq\AppData\Local\nvm\v18.20.7\node_modules\pm2\lib\ProcessContainer.js:292:27
    at wrapper (C:\Users\daotq\AppData\Local\nvm\v18.20.7\node_modules\pm2\node_modules\async\internal\once.js:12:16)
    at next (C:\Users\daotq\AppData\Local\nvm\v18.20.7\node_modules\pm2\node_modules\async\waterfall.js:96:20)
    at C:\Users\daotq\AppData\Local\nvm\v18.20.7\node_modules\pm2\node_modules\async\internal\onlyOnce.js:12:16
C:\Users\daotq\AppData\Local\nvm\v18.20.7\NPM.CMD:1
:: Created by npm, please don't edit manually.
^

SyntaxError: Unexpected token ':'
    at internalCompileFunction (node:internal/vm:76:18)
    at wrapSafe (node:internal/modules/cjs/loader:1283:20)
    at Module._compile (node:internal/modules/cjs/loader:1328:27)
    at Module._extensions..js (node:internal/modules/cjs/loader:1422:10)
    at Module.load (node:internal/modules/cjs/loader:1203:32)
    at Module._load (node:internal/modules/cjs/loader:1019:12)
    at C:\Users\daotq\AppData\Local\nvm\v18.20.7\node_modules\pm2\lib\ProcessContainer.js:292:27
    at wrapper (C:\Users\daotq\AppData\Local\nvm\v18.20.7\node_modules\pm2\node_modules\async\internal\once.js:12:16)
    at next (C:\Users\daotq\AppData\Local\nvm\v18.20.7\node_modules\pm2\node_modules\async\waterfall.js:96:20)
    at C:\Users\daotq\AppData\Local\nvm\v18.20.7\node_modules\pm2\node_modules\async\internal\onlyOnce.js:12:16
C:\Users\daotq\AppData\Local\nvm\v18.20.7\NPM.CMD:1
:: Created by npm, please don't edit manually.
^

SyntaxError: Unexpected token ':'
    at internalCompileFunction (node:internal/vm:76:18)
    at wrapSafe (node:internal/modules/cjs/loader:1283:20)
    at Module._compile (node:internal/modules/cjs/loader:1328:27)
    at Module._extensions..js (node:internal/modules/cjs/loader:1422:10)
    at Module.load (node:internal/modules/cjs/loader:1203:32)
    at Module._load (node:internal/modules/cjs/loader:1019:12)
    at C:\Users\daotq\AppData\Local\nvm\v18.20.7\node_modules\pm2\lib\ProcessContainer.js:292:27
    at wrapper (C:\Users\daotq\AppData\Local\nvm\v18.20.7\node_modules\pm2\node_modules\async\internal\once.js:12:16)
    at next (C:\Users\daotq\AppData\Local\nvm\v18.20.7\node_modules\pm2\node_modules\async\waterfall.js:96:20)
    at C:\Users\daotq\AppData\Local\nvm\v18.20.7\node_modules\pm2\node_modules\async\internal\onlyOnce.js:12:16
C:\Users\daotq\AppData\Local\nvm\v18.20.7\NPM.CMD:1
:: Created by npm, please don't edit manually.
^

SyntaxError: Unexpected token ':'
    at internalCompileFunction (node:internal/vm:76:18)
    at wrapSafe (node:internal/modules/cjs/loader:1283:20)
    at Module._compile (node:internal/modules/cjs/loader:1328:27)
    at Module._extensions..js (node:internal/modules/cjs/loader:1422:10)
    at Module.load (node:internal/modules/cjs/loader:1203:32)
    at Module._load (node:internal/modules/cjs/loader:1019:12)
    at C:\Users\daotq\AppData\Local\nvm\v18.20.7\node_modules\pm2\lib\ProcessContainer.js:292:27
    at wrapper (C:\Users\daotq\AppData\Local\nvm\v18.20.7\node_modules\pm2\node_modules\async\internal\once.js:12:16)
    at next (C:\Users\daotq\AppData\Local\nvm\v18.20.7\node_modules\pm2\node_modules\async\waterfall.js:96:20)
    at C:\Users\daotq\AppData\Local\nvm\v18.20.7\node_modules\pm2\node_modules\async\internal\onlyOnce.js:12:16
C:\Users\daotq\AppData\Local\nvm\v18.20.7\NPM.CMD:1
:: Created by npm, please don't edit manually.
^

SyntaxError: Unexpected token ':'
    at internalCompileFunction (node:internal/vm:76:18)
    at wrapSafe (node:internal/modules/cjs/loader:1283:20)
    at Module._compile (node:internal/modules/cjs/loader:1328:27)
    at Module._extensions..js (node:internal/modules/cjs/loader:1422:10)
    at Module.load (node:internal/modules/cjs/loader:1203:32)
    at Module._load (node:internal/modules/cjs/loader:1019:12)
    at C:\Users\daotq\AppData\Local\nvm\v18.20.7\node_modules\pm2\lib\ProcessContainer.js:292:27
    at wrapper (C:\Users\daotq\AppData\Local\nvm\v18.20.7\node_modules\pm2\node_modules\async\internal\once.js:12:16)
    at next (C:\Users\daotq\AppData\Local\nvm\v18.20.7\node_modules\pm2\node_modules\async\waterfall.js:96:20)
    at C:\Users\daotq\AppData\Local\nvm\v18.20.7\node_modules\pm2\node_modules\async\internal\onlyOnce.js:12:16
C:\Users\daotq\AppData\Local\nvm\v18.20.7\NPM.CMD:1
:: Created by npm, please don't edit manually.
^

SyntaxError: Unexpected token ':'
    at internalCompileFunction (node:internal/vm:76:18)
    at wrapSafe (node:internal/modules/cjs/loader:1283:20)
    at Module._compile (node:internal/modules/cjs/loader:1328:27)
    at Module._extensions..js (node:internal/modules/cjs/loader:1422:10)
    at Module.load (node:internal/modules/cjs/loader:1203:32)
    at Module._load (node:internal/modules/cjs/loader:1019:12)
    at C:\Users\daotq\AppData\Local\nvm\v18.20.7\node_modules\pm2\lib\ProcessContainer.js:292:27
    at wrapper (C:\Users\daotq\AppData\Local\nvm\v18.20.7\node_modules\pm2\node_modules\async\internal\once.js:12:16)
    at next (C:\Users\daotq\AppData\Local\nvm\v18.20.7\node_modules\pm2\node_modules\async\waterfall.js:96:20)
    at C:\Users\daotq\AppData\Local\nvm\v18.20.7\node_modules\pm2\node_modules\async\internal\onlyOnce.js:12:16
C:\Users\daotq\AppData\Local\nvm\v18.20.7\NPM.CMD:1
:: Created by npm, please don't edit manually.
^

SyntaxError: Unexpected token ':'
    at internalCompileFunction (node:internal/vm:76:18)
    at wrapSafe (node:internal/modules/cjs/loader:1283:20)
    at Module._compile (node:internal/modules/cjs/loader:1328:27)
    at Module._extensions..js (node:internal/modules/cjs/loader:1422:10)
    at Module.load (node:internal/modules/cjs/loader:1203:32)
    at Module._load (node:internal/modules/cjs/loader:1019:12)
    at C:\Users\daotq\AppData\Local\nvm\v18.20.7\node_modules\pm2\lib\ProcessContainer.js:292:27
    at wrapper (C:\Users\daotq\AppData\Local\nvm\v18.20.7\node_modules\pm2\node_modules\async\internal\once.js:12:16)
    at next (C:\Users\daotq\AppData\Local\nvm\v18.20.7\node_modules\pm2\node_modules\async\waterfall.js:96:20)
    at C:\Users\daotq\AppData\Local\nvm\v18.20.7\node_modules\pm2\node_modules\async\internal\onlyOnce.js:12:16
C:\Users\daotq\AppData\Local\nvm\v18.20.7\NPM.CMD:1
:: Created by npm, please don't edit manually.
^

SyntaxError: Unexpected token ':'
    at internalCompileFunction (node:internal/vm:76:18)
    at wrapSafe (node:internal/modules/cjs/loader:1283:20)
    at Module._compile (node:internal/modules/cjs/loader:1328:27)
    at Module._extensions..js (node:internal/modules/cjs/loader:1422:10)
    at Module.load (node:internal/modules/cjs/loader:1203:32)
    at Module._load (node:internal/modules/cjs/loader:1019:12)
    at C:\Users\daotq\AppData\Local\nvm\v18.20.7\node_modules\pm2\lib\ProcessContainer.js:292:27
    at wrapper (C:\Users\daotq\AppData\Local\nvm\v18.20.7\node_modules\pm2\node_modules\async\internal\once.js:12:16)
    at next (C:\Users\daotq\AppData\Local\nvm\v18.20.7\node_modules\pm2\node_modules\async\waterfall.js:96:20)
    at C:\Users\daotq\AppData\Local\nvm\v18.20.7\node_modules\pm2\node_modules\async\internal\onlyOnce.js:12:16
C:\Users\daotq\AppData\Local\nvm\v18.20.7\NPM.CMD:1
:: Created by npm, please don't edit manually.
^

SyntaxError: Unexpected token ':'
    at internalCompileFunction (node:internal/vm:76:18)
    at wrapSafe (node:internal/modules/cjs/loader:1283:20)
    at Module._compile (node:internal/modules/cjs/loader:1328:27)
    at Module._extensions..js (node:internal/modules/cjs/loader:1422:10)
    at Module.load (node:internal/modules/cjs/loader:1203:32)
    at Module._load (node:internal/modules/cjs/loader:1019:12)
    at C:\Users\daotq\AppData\Local\nvm\v18.20.7\node_modules\pm2\lib\ProcessContainer.js:292:27
    at wrapper (C:\Users\daotq\AppData\Local\nvm\v18.20.7\node_modules\pm2\node_modules\async\internal\once.js:12:16)
    at next (C:\Users\daotq\AppData\Local\nvm\v18.20.7\node_modules\pm2\node_modules\async\waterfall.js:96:20)
    at C:\Users\daotq\AppData\Local\nvm\v18.20.7\node_modules\pm2\node_modules\async\internal\onlyOnce.js:12:16
C:\Users\daotq\AppData\Local\nvm\v18.20.7\NPM.CMD:1
:: Created by npm, please don't edit manually.
^

SyntaxError: Unexpected token ':'
    at internalCompileFunction (node:internal/vm:76:18)
    at wrapSafe (node:internal/modules/cjs/loader:1283:20)
    at Module._compile (node:internal/modules/cjs/loader:1328:27)
    at Module._extensions..js (node:internal/modules/cjs/loader:1422:10)
    at Module.load (node:internal/modules/cjs/loader:1203:32)
    at Module._load (node:internal/modules/cjs/loader:1019:12)
    at C:\Users\daotq\AppData\Local\nvm\v18.20.7\node_modules\pm2\lib\ProcessContainer.js:292:27
    at wrapper (C:\Users\daotq\AppData\Local\nvm\v18.20.7\node_modules\pm2\node_modules\async\internal\once.js:12:16)
    at next (C:\Users\daotq\AppData\Local\nvm\v18.20.7\node_modules\pm2\node_modules\async\waterfall.js:96:20)
    at C:\Users\daotq\AppData\Local\nvm\v18.20.7\node_modules\pm2\node_modules\async\internal\onlyOnce.js:12:16
C:\Users\daotq\AppData\Local\nvm\v18.20.7\NPM.CMD:1
:: Created by npm, please don't edit manually.
^

SyntaxError: Unexpected token ':'
    at internalCompileFunction (node:internal/vm:76:18)
    at wrapSafe (node:internal/modules/cjs/loader:1283:20)
    at Module._compile (node:internal/modules/cjs/loader:1328:27)
    at Module._extensions..js (node:internal/modules/cjs/loader:1422:10)
    at Module.load (node:internal/modules/cjs/loader:1203:32)
    at Module._load (node:internal/modules/cjs/loader:1019:12)
    at C:\Users\daotq\AppData\Local\nvm\v18.20.7\node_modules\pm2\lib\ProcessContainer.js:292:27
    at wrapper (C:\Users\daotq\AppData\Local\nvm\v18.20.7\node_modules\pm2\node_modules\async\internal\once.js:12:16)
    at next (C:\Users\daotq\AppData\Local\nvm\v18.20.7\node_modules\pm2\node_modules\async\waterfall.js:96:20)
    at C:\Users\daotq\AppData\Local\nvm\v18.20.7\node_modules\pm2\node_modules\async\internal\onlyOnce.js:12:16
C:\Users\daotq\AppData\Local\nvm\v18.20.7\NPM.CMD:1
:: Created by npm, please don't edit manually.
^

SyntaxError: Unexpected token ':'
    at internalCompileFunction (node:internal/vm:76:18)
    at wrapSafe (node:internal/modules/cjs/loader:1283:20)
    at Module._compile (node:internal/modules/cjs/loader:1328:27)
    at Module._extensions..js (node:internal/modules/cjs/loader:1422:10)
    at Module.load (node:internal/modules/cjs/loader:1203:32)
    at Module._load (node:internal/modules/cjs/loader:1019:12)
    at C:\Users\daotq\AppData\Local\nvm\v18.20.7\node_modules\pm2\lib\ProcessContainer.js:292:27
    at wrapper (C:\Users\daotq\AppData\Local\nvm\v18.20.7\node_modules\pm2\node_modules\async\internal\once.js:12:16)
    at next (C:\Users\daotq\AppData\Local\nvm\v18.20.7\node_modules\pm2\node_modules\async\waterfall.js:96:20)
    at C:\Users\daotq\AppData\Local\nvm\v18.20.7\node_modules\pm2\node_modules\async\internal\onlyOnce.js:12:16
C:\Users\daotq\AppData\Local\nvm\v18.20.7\NPM.CMD:1
:: Created by npm, please don't edit manually.
^

SyntaxError: Unexpected token ':'
    at internalCompileFunction (node:internal/vm:76:18)
    at wrapSafe (node:internal/modules/cjs/loader:1283:20)
    at Module._compile (node:internal/modules/cjs/loader:1328:27)
    at Module._extensions..js (node:internal/modules/cjs/loader:1422:10)
    at Module.load (node:internal/modules/cjs/loader:1203:32)
    at Module._load (node:internal/modules/cjs/loader:1019:12)
    at C:\Users\daotq\AppData\Local\nvm\v18.20.7\node_modules\pm2\lib\ProcessContainer.js:292:27
    at wrapper (C:\Users\daotq\AppData\Local\nvm\v18.20.7\node_modules\pm2\node_modules\async\internal\once.js:12:16)
    at next (C:\Users\daotq\AppData\Local\nvm\v18.20.7\node_modules\pm2\node_modules\async\waterfall.js:96:20)
    at C:\Users\daotq\AppData\Local\nvm\v18.20.7\node_modules\pm2\node_modules\async\internal\onlyOnce.js:12:16
C:\Users\daotq\AppData\Local\nvm\v18.20.7\NPM.CMD:1
:: Created by npm, please don't edit manually.
^

SyntaxError: Unexpected token ':'
    at internalCompileFunction (node:internal/vm:76:18)
    at wrapSafe (node:internal/modules/cjs/loader:1283:20)
    at Module._compile (node:internal/modules/cjs/loader:1328:27)
    at Module._extensions..js (node:internal/modules/cjs/loader:1422:10)
    at Module.load (node:internal/modules/cjs/loader:1203:32)
    at Module._load (node:internal/modules/cjs/loader:1019:12)
    at C:\Users\daotq\AppData\Local\nvm\v18.20.7\node_modules\pm2\lib\ProcessContainer.js:292:27
    at wrapper (C:\Users\daotq\AppData\Local\nvm\v18.20.7\node_modules\pm2\node_modules\async\internal\once.js:12:16)
    at next (C:\Users\daotq\AppData\Local\nvm\v18.20.7\node_modules\pm2\node_modules\async\waterfall.js:96:20)
    at C:\Users\daotq\AppData\Local\nvm\v18.20.7\node_modules\pm2\node_modules\async\internal\onlyOnce.js:12:16
C:\Users\daotq\AppData\Local\nvm\v18.20.7\NPM.CMD:1
:: Created by npm, please don't edit manually.
^

SyntaxError: Unexpected token ':'
    at internalCompileFunction (node:internal/vm:76:18)
    at wrapSafe (node:internal/modules/cjs/loader:1283:20)
    at Module._compile (node:internal/modules/cjs/loader:1328:27)
    at Module._extensions..js (node:internal/modules/cjs/loader:1422:10)
    at Module.load (node:internal/modules/cjs/loader:1203:32)
    at Module._load (node:internal/modules/cjs/loader:1019:12)
    at C:\Users\daotq\AppData\Local\nvm\v18.20.7\node_modules\pm2\lib\ProcessContainer.js:292:27
    at wrapper (C:\Users\daotq\AppData\Local\nvm\v18.20.7\node_modules\pm2\node_modules\async\internal\once.js:12:16)
    at next (C:\Users\daotq\AppData\Local\nvm\v18.20.7\node_modules\pm2\node_modules\async\waterfall.js:96:20)
    at C:\Users\daotq\AppData\Local\nvm\v18.20.7\node_modules\pm2\node_modules\async\internal\onlyOnce.js:12:16
C:\Users\daotq\AppData\Local\nvm\v18.20.7\NPM.CMD:1
:: Created by npm, please don't edit manually.
^

SyntaxError: Unexpected token ':'
    at internalCompileFunction (node:internal/vm:76:18)
    at wrapSafe (node:internal/modules/cjs/loader:1283:20)
    at Module._compile (node:internal/modules/cjs/loader:1328:27)
    at Module._extensions..js (node:internal/modules/cjs/loader:1422:10)
    at Module.load (node:internal/modules/cjs/loader:1203:32)
    at Module._load (node:internal/modules/cjs/loader:1019:12)
    at C:\Users\daotq\AppData\Local\nvm\v18.20.7\node_modules\pm2\lib\ProcessContainer.js:292:27
    at wrapper (C:\Users\daotq\AppData\Local\nvm\v18.20.7\node_modules\pm2\node_modules\async\internal\once.js:12:16)
    at next (C:\Users\daotq\AppData\Local\nvm\v18.20.7\node_modules\pm2\node_modules\async\waterfall.js:96:20)
    at C:\Users\daotq\AppData\Local\nvm\v18.20.7\node_modules\pm2\node_modules\async\internal\onlyOnce.js:12:16
C:\Users\daotq\AppData\Local\nvm\v18.20.7\NPM.CMD:1
:: Created by npm, please don't edit manually.
^

SyntaxError: Unexpected token ':'
    at internalCompileFunction (node:internal/vm:76:18)
    at wrapSafe (node:internal/modules/cjs/loader:1283:20)
    at Module._compile (node:internal/modules/cjs/loader:1328:27)
    at Module._extensions..js (node:internal/modules/cjs/loader:1422:10)
    at Module.load (node:internal/modules/cjs/loader:1203:32)
    at Module._load (node:internal/modules/cjs/loader:1019:12)
    at C:\Users\daotq\AppData\Local\nvm\v18.20.7\node_modules\pm2\lib\ProcessContainer.js:292:27
    at wrapper (C:\Users\daotq\AppData\Local\nvm\v18.20.7\node_modules\pm2\node_modules\async\internal\once.js:12:16)
    at next (C:\Users\daotq\AppData\Local\nvm\v18.20.7\node_modules\pm2\node_modules\async\waterfall.js:96:20)
    at C:\Users\daotq\AppData\Local\nvm\v18.20.7\node_modules\pm2\node_modules\async\internal\onlyOnce.js:12:16
C:\Users\daotq\AppData\Local\nvm\v18.20.7\NPM.CMD:1
:: Created by npm, please don't edit manually.
^

SyntaxError: Unexpected token ':'
    at internalCompileFunction (node:internal/vm:76:18)
    at wrapSafe (node:internal/modules/cjs/loader:1283:20)
    at Module._compile (node:internal/modules/cjs/loader:1328:27)
    at Module._extensions..js (node:internal/modules/cjs/loader:1422:10)
    at Module.load (node:internal/modules/cjs/loader:1203:32)
    at Module._load (node:internal/modules/cjs/loader:1019:12)
    at C:\Users\daotq\AppData\Local\nvm\v18.20.7\node_modules\pm2\lib\ProcessContainer.js:292:27
    at wrapper (C:\Users\daotq\AppData\Local\nvm\v18.20.7\node_modules\pm2\node_modules\async\internal\once.js:12:16)
    at next (C:\Users\daotq\AppData\Local\nvm\v18.20.7\node_modules\pm2\node_modules\async\waterfall.js:96:20)
    at C:\Users\daotq\AppData\Local\nvm\v18.20.7\node_modules\pm2\node_modules\async\internal\onlyOnce.js:12:16
C:\Users\daotq\AppData\Local\nvm\v18.20.7\NPM.CMD:1
:: Created by npm, please don't edit manually.
^

SyntaxError: Unexpected token ':'
    at internalCompileFunction (node:internal/vm:76:18)
    at wrapSafe (node:internal/modules/cjs/loader:1283:20)
    at Module._compile (node:internal/modules/cjs/loader:1328:27)
    at Module._extensions..js (node:internal/modules/cjs/loader:1422:10)
    at Module.load (node:internal/modules/cjs/loader:1203:32)
    at Module._load (node:internal/modules/cjs/loader:1019:12)
    at C:\Users\daotq\AppData\Local\nvm\v18.20.7\node_modules\pm2\lib\ProcessContainer.js:292:27
    at wrapper (C:\Users\daotq\AppData\Local\nvm\v18.20.7\node_modules\pm2\node_modules\async\internal\once.js:12:16)
    at next (C:\Users\daotq\AppData\Local\nvm\v18.20.7\node_modules\pm2\node_modules\async\waterfall.js:96:20)
    at C:\Users\daotq\AppData\Local\nvm\v18.20.7\node_modules\pm2\node_modules\async\internal\onlyOnce.js:12:16
C:\Users\daotq\AppData\Local\nvm\v18.20.7\NPM.CMD:1
:: Created by npm, please don't edit manually.
^

SyntaxError: Unexpected token ':'
    at internalCompileFunction (node:internal/vm:76:18)
    at wrapSafe (node:internal/modules/cjs/loader:1283:20)
    at Module._compile (node:internal/modules/cjs/loader:1328:27)
    at Module._extensions..js (node:internal/modules/cjs/loader:1422:10)
    at Module.load (node:internal/modules/cjs/loader:1203:32)
    at Module._load (node:internal/modules/cjs/loader:1019:12)
    at C:\Users\daotq\AppData\Local\nvm\v18.20.7\node_modules\pm2\lib\ProcessContainer.js:292:27
    at wrapper (C:\Users\daotq\AppData\Local\nvm\v18.20.7\node_modules\pm2\node_modules\async\internal\once.js:12:16)
    at next (C:\Users\daotq\AppData\Local\nvm\v18.20.7\node_modules\pm2\node_modules\async\waterfall.js:96:20)
    at C:\Users\daotq\AppData\Local\nvm\v18.20.7\node_modules\pm2\node_modules\async\internal\onlyOnce.js:12:16
C:\Users\daotq\AppData\Local\nvm\v18.20.7\NPM.CMD:1
:: Created by npm, please don't edit manually.
^

SyntaxError: Unexpected token ':'
    at internalCompileFunction (node:internal/vm:76:18)
    at wrapSafe (node:internal/modules/cjs/loader:1283:20)
    at Module._compile (node:internal/modules/cjs/loader:1328:27)
    at Module._extensions..js (node:internal/modules/cjs/loader:1422:10)
    at Module.load (node:internal/modules/cjs/loader:1203:32)
    at Module._load (node:internal/modules/cjs/loader:1019:12)
    at C:\Users\daotq\AppData\Local\nvm\v18.20.7\node_modules\pm2\lib\ProcessContainer.js:292:27
    at wrapper (C:\Users\daotq\AppData\Local\nvm\v18.20.7\node_modules\pm2\node_modules\async\internal\once.js:12:16)
    at next (C:\Users\daotq\AppData\Local\nvm\v18.20.7\node_modules\pm2\node_modules\async\waterfall.js:96:20)
    at C:\Users\daotq\AppData\Local\nvm\v18.20.7\node_modules\pm2\node_modules\async\internal\onlyOnce.js:12:16
C:\Users\daotq\AppData\Local\nvm\v18.20.7\NPM.CMD:1
:: Created by npm, please don't edit manually.
^

SyntaxError: Unexpected token ':'
    at internalCompileFunction (node:internal/vm:76:18)
    at wrapSafe (node:internal/modules/cjs/loader:1283:20)
    at Module._compile (node:internal/modules/cjs/loader:1328:27)
    at Module._extensions..js (node:internal/modules/cjs/loader:1422:10)
    at Module.load (node:internal/modules/cjs/loader:1203:32)
    at Module._load (node:internal/modules/cjs/loader:1019:12)
    at C:\Users\daotq\AppData\Local\nvm\v18.20.7\node_modules\pm2\lib\ProcessContainer.js:292:27
    at wrapper (C:\Users\daotq\AppData\Local\nvm\v18.20.7\node_modules\pm2\node_modules\async\internal\once.js:12:16)
    at next (C:\Users\daotq\AppData\Local\nvm\v18.20.7\node_modules\pm2\node_modules\async\waterfall.js:96:20)
    at C:\Users\daotq\AppData\Local\nvm\v18.20.7\node_modules\pm2\node_modules\async\internal\onlyOnce.js:12:16
C:\Users\daotq\AppData\Local\nvm\v18.20.7\NPM.CMD:1
:: Created by npm, please don't edit manually.
^

SyntaxError: Unexpected token ':'
    at internalCompileFunction (node:internal/vm:76:18)
    at wrapSafe (node:internal/modules/cjs/loader:1283:20)
    at Module._compile (node:internal/modules/cjs/loader:1328:27)
    at Module._extensions..js (node:internal/modules/cjs/loader:1422:10)
    at Module.load (node:internal/modules/cjs/loader:1203:32)
    at Module._load (node:internal/modules/cjs/loader:1019:12)
    at C:\Users\daotq\AppData\Local\nvm\v18.20.7\node_modules\pm2\lib\ProcessContainer.js:292:27
    at wrapper (C:\Users\daotq\AppData\Local\nvm\v18.20.7\node_modules\pm2\node_modules\async\internal\once.js:12:16)
    at next (C:\Users\daotq\AppData\Local\nvm\v18.20.7\node_modules\pm2\node_modules\async\waterfall.js:96:20)
    at C:\Users\daotq\AppData\Local\nvm\v18.20.7\node_modules\pm2\node_modules\async\internal\onlyOnce.js:12:16
C:\Users\daotq\AppData\Local\nvm\v18.20.7\NPM.CMD:1
:: Created by npm, please don't edit manually.
^

SyntaxError: Unexpected token ':'
    at internalCompileFunction (node:internal/vm:76:18)
    at wrapSafe (node:internal/modules/cjs/loader:1283:20)
    at Module._compile (node:internal/modules/cjs/loader:1328:27)
    at Module._extensions..js (node:internal/modules/cjs/loader:1422:10)
    at Module.load (node:internal/modules/cjs/loader:1203:32)
    at Module._load (node:internal/modules/cjs/loader:1019:12)
    at C:\Users\daotq\AppData\Local\nvm\v18.20.7\node_modules\pm2\lib\ProcessContainer.js:292:27
    at wrapper (C:\Users\daotq\AppData\Local\nvm\v18.20.7\node_modules\pm2\node_modules\async\internal\once.js:12:16)
    at next (C:\Users\daotq\AppData\Local\nvm\v18.20.7\node_modules\pm2\node_modules\async\waterfall.js:96:20)
    at C:\Users\daotq\AppData\Local\nvm\v18.20.7\node_modules\pm2\node_modules\async\internal\onlyOnce.js:12:16
C:\Users\daotq\AppData\Local\nvm\v18.20.7\NPM.CMD:1
:: Created by npm, please don't edit manually.
^

SyntaxError: Unexpected token ':'
    at internalCompileFunction (node:internal/vm:76:18)
    at wrapSafe (node:internal/modules/cjs/loader:1283:20)
    at Module._compile (node:internal/modules/cjs/loader:1328:27)
    at Module._extensions..js (node:internal/modules/cjs/loader:1422:10)
    at Module.load (node:internal/modules/cjs/loader:1203:32)
    at Module._load (node:internal/modules/cjs/loader:1019:12)
    at C:\Users\daotq\AppData\Local\nvm\v18.20.7\node_modules\pm2\lib\ProcessContainer.js:292:27
    at wrapper (C:\Users\daotq\AppData\Local\nvm\v18.20.7\node_modules\pm2\node_modules\async\internal\once.js:12:16)
    at next (C:\Users\daotq\AppData\Local\nvm\v18.20.7\node_modules\pm2\node_modules\async\waterfall.js:96:20)
    at C:\Users\daotq\AppData\Local\nvm\v18.20.7\node_modules\pm2\node_modules\async\internal\onlyOnce.js:12:16
C:\Users\daotq\AppData\Local\nvm\v18.20.7\NPM.CMD:1
:: Created by npm, please don't edit manually.
^

SyntaxError: Unexpected token ':'
    at internalCompileFunction (node:internal/vm:76:18)
    at wrapSafe (node:internal/modules/cjs/loader:1283:20)
    at Module._compile (node:internal/modules/cjs/loader:1328:27)
    at Module._extensions..js (node:internal/modules/cjs/loader:1422:10)
    at Module.load (node:internal/modules/cjs/loader:1203:32)
    at Module._load (node:internal/modules/cjs/loader:1019:12)
    at C:\Users\daotq\AppData\Local\nvm\v18.20.7\node_modules\pm2\lib\ProcessContainer.js:292:27
    at wrapper (C:\Users\daotq\AppData\Local\nvm\v18.20.7\node_modules\pm2\node_modules\async\internal\once.js:12:16)
    at next (C:\Users\daotq\AppData\Local\nvm\v18.20.7\node_modules\pm2\node_modules\async\waterfall.js:96:20)
    at C:\Users\daotq\AppData\Local\nvm\v18.20.7\node_modules\pm2\node_modules\async\internal\onlyOnce.js:12:16
C:\Users\daotq\AppData\Local\nvm\v18.20.7\NPM.CMD:1
:: Created by npm, please don't edit manually.
^

SyntaxError: Unexpected token ':'
    at internalCompileFunction (node:internal/vm:76:18)
    at wrapSafe (node:internal/modules/cjs/loader:1283:20)
    at Module._compile (node:internal/modules/cjs/loader:1328:27)
    at Module._extensions..js (node:internal/modules/cjs/loader:1422:10)
    at Module.load (node:internal/modules/cjs/loader:1203:32)
    at Module._load (node:internal/modules/cjs/loader:1019:12)
    at C:\Users\daotq\AppData\Local\nvm\v18.20.7\node_modules\pm2\lib\ProcessContainer.js:292:27
    at wrapper (C:\Users\daotq\AppData\Local\nvm\v18.20.7\node_modules\pm2\node_modules\async\internal\once.js:12:16)
    at next (C:\Users\daotq\AppData\Local\nvm\v18.20.7\node_modules\pm2\node_modules\async\waterfall.js:96:20)
    at C:\Users\daotq\AppData\Local\nvm\v18.20.7\node_modules\pm2\node_modules\async\internal\onlyOnce.js:12:16
C:\Users\daotq\AppData\Local\nvm\v18.20.7\NPM.CMD:1
:: Created by npm, please don't edit manually.
^

SyntaxError: Unexpected token ':'
    at internalCompileFunction (node:internal/vm:76:18)
    at wrapSafe (node:internal/modules/cjs/loader:1283:20)
    at Module._compile (node:internal/modules/cjs/loader:1328:27)
    at Module._extensions..js (node:internal/modules/cjs/loader:1422:10)
    at Module.load (node:internal/modules/cjs/loader:1203:32)
    at Module._load (node:internal/modules/cjs/loader:1019:12)
    at C:\Users\daotq\AppData\Local\nvm\v18.20.7\node_modules\pm2\lib\ProcessContainer.js:292:27
    at wrapper (C:\Users\daotq\AppData\Local\nvm\v18.20.7\node_modules\pm2\node_modules\async\internal\once.js:12:16)
    at next (C:\Users\daotq\AppData\Local\nvm\v18.20.7\node_modules\pm2\node_modules\async\waterfall.js:96:20)
    at C:\Users\daotq\AppData\Local\nvm\v18.20.7\node_modules\pm2\node_modules\async\internal\onlyOnce.js:12:16
C:\Users\daotq\AppData\Local\nvm\v18.20.7\NPM.CMD:1
:: Created by npm, please don't edit manually.
^

SyntaxError: Unexpected token ':'
    at internalCompileFunction (node:internal/vm:76:18)
    at wrapSafe (node:internal/modules/cjs/loader:1283:20)
    at Module._compile (node:internal/modules/cjs/loader:1328:27)
    at Module._extensions..js (node:internal/modules/cjs/loader:1422:10)
    at Module.load (node:internal/modules/cjs/loader:1203:32)
    at Module._load (node:internal/modules/cjs/loader:1019:12)
    at C:\Users\daotq\AppData\Local\nvm\v18.20.7\node_modules\pm2\lib\ProcessContainer.js:292:27
    at wrapper (C:\Users\daotq\AppData\Local\nvm\v18.20.7\node_modules\pm2\node_modules\async\internal\once.js:12:16)
    at next (C:\Users\daotq\AppData\Local\nvm\v18.20.7\node_modules\pm2\node_modules\async\waterfall.js:96:20)
    at C:\Users\daotq\AppData\Local\nvm\v18.20.7\node_modules\pm2\node_modules\async\internal\onlyOnce.js:12:16
C:\Users\daotq\AppData\Local\nvm\v18.20.7\NPM.CMD:1
:: Created by npm, please don't edit manually.
^

SyntaxError: Unexpected token ':'
    at internalCompileFunction (node:internal/vm:76:18)
    at wrapSafe (node:internal/modules/cjs/loader:1283:20)
    at Module._compile (node:internal/modules/cjs/loader:1328:27)
    at Module._extensions..js (node:internal/modules/cjs/loader:1422:10)
    at Module.load (node:internal/modules/cjs/loader:1203:32)
    at Module._load (node:internal/modules/cjs/loader:1019:12)
    at C:\Users\daotq\AppData\Local\nvm\v18.20.7\node_modules\pm2\lib\ProcessContainer.js:292:27
    at wrapper (C:\Users\daotq\AppData\Local\nvm\v18.20.7\node_modules\pm2\node_modules\async\internal\once.js:12:16)
    at next (C:\Users\daotq\AppData\Local\nvm\v18.20.7\node_modules\pm2\node_modules\async\waterfall.js:96:20)
    at C:\Users\daotq\AppData\Local\nvm\v18.20.7\node_modules\pm2\node_modules\async\internal\onlyOnce.js:12:16
C:\Users\daotq\AppData\Local\nvm\v18.20.7\NPM.CMD:1
:: Created by npm, please don't edit manually.
^

SyntaxError: Unexpected token ':'
    at internalCompileFunction (node:internal/vm:76:18)
    at wrapSafe (node:internal/modules/cjs/loader:1283:20)
    at Module._compile (node:internal/modules/cjs/loader:1328:27)
    at Module._extensions..js (node:internal/modules/cjs/loader:1422:10)
    at Module.load (node:internal/modules/cjs/loader:1203:32)
    at Module._load (node:internal/modules/cjs/loader:1019:12)
    at C:\Users\daotq\AppData\Local\nvm\v18.20.7\node_modules\pm2\lib\ProcessContainer.js:292:27
    at wrapper (C:\Users\daotq\AppData\Local\nvm\v18.20.7\node_modules\pm2\node_modules\async\internal\once.js:12:16)
    at next (C:\Users\daotq\AppData\Local\nvm\v18.20.7\node_modules\pm2\node_modules\async\waterfall.js:96:20)
    at C:\Users\daotq\AppData\Local\nvm\v18.20.7\node_modules\pm2\node_modules\async\internal\onlyOnce.js:12:16
C:\Users\daotq\AppData\Local\nvm\v18.20.7\NPM.CMD:1
:: Created by npm, please don't edit manually.
^

SyntaxError: Unexpected token ':'
    at internalCompileFunction (node:internal/vm:76:18)
    at wrapSafe (node:internal/modules/cjs/loader:1283:20)
    at Module._compile (node:internal/modules/cjs/loader:1328:27)
    at Module._extensions..js (node:internal/modules/cjs/loader:1422:10)
    at Module.load (node:internal/modules/cjs/loader:1203:32)
    at Module._load (node:internal/modules/cjs/loader:1019:12)
    at C:\Users\daotq\AppData\Local\nvm\v18.20.7\node_modules\pm2\lib\ProcessContainer.js:292:27
    at wrapper (C:\Users\daotq\AppData\Local\nvm\v18.20.7\node_modules\pm2\node_modules\async\internal\once.js:12:16)
    at next (C:\Users\daotq\AppData\Local\nvm\v18.20.7\node_modules\pm2\node_modules\async\waterfall.js:96:20)
    at C:\Users\daotq\AppData\Local\nvm\v18.20.7\node_modules\pm2\node_modules\async\internal\onlyOnce.js:12:16
C:\Users\daotq\AppData\Local\nvm\v18.20.7\NPM.CMD:1
:: Created by npm, please don't edit manually.
^

SyntaxError: Unexpected token ':'
    at internalCompileFunction (node:internal/vm:76:18)
    at wrapSafe (node:internal/modules/cjs/loader:1283:20)
    at Module._compile (node:internal/modules/cjs/loader:1328:27)
    at Module._extensions..js (node:internal/modules/cjs/loader:1422:10)
    at Module.load (node:internal/modules/cjs/loader:1203:32)
    at Module._load (node:internal/modules/cjs/loader:1019:12)
    at C:\Users\daotq\AppData\Local\nvm\v18.20.7\node_modules\pm2\lib\ProcessContainer.js:292:27
    at wrapper (C:\Users\daotq\AppData\Local\nvm\v18.20.7\node_modules\pm2\node_modules\async\internal\once.js:12:16)
    at next (C:\Users\daotq\AppData\Local\nvm\v18.20.7\node_modules\pm2\node_modules\async\waterfall.js:96:20)
    at C:\Users\daotq\AppData\Local\nvm\v18.20.7\node_modules\pm2\node_modules\async\internal\onlyOnce.js:12:16
C:\Users\daotq\AppData\Local\nvm\v18.20.7\NPM.CMD:1
:: Created by npm, please don't edit manually.
^

SyntaxError: Unexpected token ':'
    at internalCompileFunction (node:internal/vm:76:18)
    at wrapSafe (node:internal/modules/cjs/loader:1283:20)
    at Module._compile (node:internal/modules/cjs/loader:1328:27)
    at Module._extensions..js (node:internal/modules/cjs/loader:1422:10)
    at Module.load (node:internal/modules/cjs/loader:1203:32)
    at Module._load (node:internal/modules/cjs/loader:1019:12)
    at C:\Users\daotq\AppData\Local\nvm\v18.20.7\node_modules\pm2\lib\ProcessContainer.js:292:27
    at wrapper (C:\Users\daotq\AppData\Local\nvm\v18.20.7\node_modules\pm2\node_modules\async\internal\once.js:12:16)
    at next (C:\Users\daotq\AppData\Local\nvm\v18.20.7\node_modules\pm2\node_modules\async\waterfall.js:96:20)
    at C:\Users\daotq\AppData\Local\nvm\v18.20.7\node_modules\pm2\node_modules\async\internal\onlyOnce.js:12:16
C:\Users\daotq\AppData\Local\nvm\v18.20.7\NPM.CMD:1
:: Created by npm, please don't edit manually.
^

SyntaxError: Unexpected token ':'
    at internalCompileFunction (node:internal/vm:76:18)
    at wrapSafe (node:internal/modules/cjs/loader:1283:20)
    at Module._compile (node:internal/modules/cjs/loader:1328:27)
    at Module._extensions..js (node:internal/modules/cjs/loader:1422:10)
    at Module.load (node:internal/modules/cjs/loader:1203:32)
    at Module._load (node:internal/modules/cjs/loader:1019:12)
    at C:\Users\daotq\AppData\Local\nvm\v18.20.7\node_modules\pm2\lib\ProcessContainer.js:292:27
    at wrapper (C:\Users\daotq\AppData\Local\nvm\v18.20.7\node_modules\pm2\node_modules\async\internal\once.js:12:16)
    at next (C:\Users\daotq\AppData\Local\nvm\v18.20.7\node_modules\pm2\node_modules\async\waterfall.js:96:20)
    at C:\Users\daotq\AppData\Local\nvm\v18.20.7\node_modules\pm2\node_modules\async\internal\onlyOnce.js:12:16
C:\Users\daotq\AppData\Local\nvm\v18.20.7\NPM.CMD:1
:: Created by npm, please don't edit manually.
^

SyntaxError: Unexpected token ':'
    at internalCompileFunction (node:internal/vm:76:18)
    at wrapSafe (node:internal/modules/cjs/loader:1283:20)
    at Module._compile (node:internal/modules/cjs/loader:1328:27)
    at Module._extensions..js (node:internal/modules/cjs/loader:1422:10)
    at Module.load (node:internal/modules/cjs/loader:1203:32)
    at Module._load (node:internal/modules/cjs/loader:1019:12)
    at C:\Users\daotq\AppData\Local\nvm\v18.20.7\node_modules\pm2\lib\ProcessContainer.js:292:27
    at wrapper (C:\Users\daotq\AppData\Local\nvm\v18.20.7\node_modules\pm2\node_modules\async\internal\once.js:12:16)
    at next (C:\Users\daotq\AppData\Local\nvm\v18.20.7\node_modules\pm2\node_modules\async\waterfall.js:96:20)
    at C:\Users\daotq\AppData\Local\nvm\v18.20.7\node_modules\pm2\node_modules\async\internal\onlyOnce.js:12:16
C:\Users\daotq\AppData\Local\nvm\v18.20.7\NPM.CMD:1
:: Created by npm, please don't edit manually.
^

SyntaxError: Unexpected token ':'
    at internalCompileFunction (node:internal/vm:76:18)
    at wrapSafe (node:internal/modules/cjs/loader:1283:20)
    at Module._compile (node:internal/modules/cjs/loader:1328:27)
    at Module._extensions..js (node:internal/modules/cjs/loader:1422:10)
    at Module.load (node:internal/modules/cjs/loader:1203:32)
    at Module._load (node:internal/modules/cjs/loader:1019:12)
    at C:\Users\daotq\AppData\Local\nvm\v18.20.7\node_modules\pm2\lib\ProcessContainer.js:292:27
    at wrapper (C:\Users\daotq\AppData\Local\nvm\v18.20.7\node_modules\pm2\node_modules\async\internal\once.js:12:16)
    at next (C:\Users\daotq\AppData\Local\nvm\v18.20.7\node_modules\pm2\node_modules\async\waterfall.js:96:20)
    at C:\Users\daotq\AppData\Local\nvm\v18.20.7\node_modules\pm2\node_modules\async\internal\onlyOnce.js:12:16
C:\Users\daotq\AppData\Local\nvm\v18.20.7\NPM.CMD:1
:: Created by npm, please don't edit manually.
^

SyntaxError: Unexpected token ':'
    at internalCompileFunction (node:internal/vm:76:18)
    at wrapSafe (node:internal/modules/cjs/loader:1283:20)
    at Module._compile (node:internal/modules/cjs/loader:1328:27)
    at Module._extensions..js (node:internal/modules/cjs/loader:1422:10)
    at Module.load (node:internal/modules/cjs/loader:1203:32)
    at Module._load (node:internal/modules/cjs/loader:1019:12)
    at C:\Users\daotq\AppData\Local\nvm\v18.20.7\node_modules\pm2\lib\ProcessContainer.js:292:27
    at wrapper (C:\Users\daotq\AppData\Local\nvm\v18.20.7\node_modules\pm2\node_modules\async\internal\once.js:12:16)
    at next (C:\Users\daotq\AppData\Local\nvm\v18.20.7\node_modules\pm2\node_modules\async\waterfall.js:96:20)
    at C:\Users\daotq\AppData\Local\nvm\v18.20.7\node_modules\pm2\node_modules\async\internal\onlyOnce.js:12:16
C:\Users\daotq\AppData\Local\nvm\v18.20.7\NPM.CMD:1
:: Created by npm, please don't edit manually.
^

SyntaxError: Unexpected token ':'
    at internalCompileFunction (node:internal/vm:76:18)
    at wrapSafe (node:internal/modules/cjs/loader:1283:20)
    at Module._compile (node:internal/modules/cjs/loader:1328:27)
    at Module._extensions..js (node:internal/modules/cjs/loader:1422:10)
    at Module.load (node:internal/modules/cjs/loader:1203:32)
    at Module._load (node:internal/modules/cjs/loader:1019:12)
    at C:\Users\daotq\AppData\Local\nvm\v18.20.7\node_modules\pm2\lib\ProcessContainer.js:292:27
    at wrapper (C:\Users\daotq\AppData\Local\nvm\v18.20.7\node_modules\pm2\node_modules\async\internal\once.js:12:16)
    at next (C:\Users\daotq\AppData\Local\nvm\v18.20.7\node_modules\pm2\node_modules\async\waterfall.js:96:20)
    at C:\Users\daotq\AppData\Local\nvm\v18.20.7\node_modules\pm2\node_modules\async\internal\onlyOnce.js:12:16
C:\Users\daotq\AppData\Local\nvm\v18.20.7\NPM.CMD:1
:: Created by npm, please don't edit manually.
^

SyntaxError: Unexpected token ':'
    at internalCompileFunction (node:internal/vm:76:18)
    at wrapSafe (node:internal/modules/cjs/loader:1283:20)
    at Module._compile (node:internal/modules/cjs/loader:1328:27)
    at Module._extensions..js (node:internal/modules/cjs/loader:1422:10)
    at Module.load (node:internal/modules/cjs/loader:1203:32)
    at Module._load (node:internal/modules/cjs/loader:1019:12)
    at C:\Users\daotq\AppData\Local\nvm\v18.20.7\node_modules\pm2\lib\ProcessContainer.js:292:27
    at wrapper (C:\Users\daotq\AppData\Local\nvm\v18.20.7\node_modules\pm2\node_modules\async\internal\once.js:12:16)
    at next (C:\Users\daotq\AppData\Local\nvm\v18.20.7\node_modules\pm2\node_modules\async\waterfall.js:96:20)
    at C:\Users\daotq\AppData\Local\nvm\v18.20.7\node_modules\pm2\node_modules\async\internal\onlyOnce.js:12:16
C:\Users\daotq\AppData\Local\nvm\v18.20.7\NPM.CMD:1
:: Created by npm, please don't edit manually.
^

SyntaxError: Unexpected token ':'
    at internalCompileFunction (node:internal/vm:76:18)
    at wrapSafe (node:internal/modules/cjs/loader:1283:20)
    at Module._compile (node:internal/modules/cjs/loader:1328:27)
    at Module._extensions..js (node:internal/modules/cjs/loader:1422:10)
    at Module.load (node:internal/modules/cjs/loader:1203:32)
    at Module._load (node:internal/modules/cjs/loader:1019:12)
    at C:\Users\daotq\AppData\Local\nvm\v18.20.7\node_modules\pm2\lib\ProcessContainer.js:292:27
    at wrapper (C:\Users\daotq\AppData\Local\nvm\v18.20.7\node_modules\pm2\node_modules\async\internal\once.js:12:16)
    at next (C:\Users\daotq\AppData\Local\nvm\v18.20.7\node_modules\pm2\node_modules\async\waterfall.js:96:20)
    at C:\Users\daotq\AppData\Local\nvm\v18.20.7\node_modules\pm2\node_modules\async\internal\onlyOnce.js:12:16
C:\Users\daotq\AppData\Local\nvm\v18.20.7\NPM.CMD:1
:: Created by npm, please don't edit manually.
^

SyntaxError: Unexpected token ':'
    at internalCompileFunction (node:internal/vm:76:18)
    at wrapSafe (node:internal/modules/cjs/loader:1283:20)
    at Module._compile (node:internal/modules/cjs/loader:1328:27)
    at Module._extensions..js (node:internal/modules/cjs/loader:1422:10)
    at Module.load (node:internal/modules/cjs/loader:1203:32)
    at Module._load (node:internal/modules/cjs/loader:1019:12)
    at C:\Users\daotq\AppData\Local\nvm\v18.20.7\node_modules\pm2\lib\ProcessContainer.js:292:27
    at wrapper (C:\Users\daotq\AppData\Local\nvm\v18.20.7\node_modules\pm2\node_modules\async\internal\once.js:12:16)
    at next (C:\Users\daotq\AppData\Local\nvm\v18.20.7\node_modules\pm2\node_modules\async\waterfall.js:96:20)
    at C:\Users\daotq\AppData\Local\nvm\v18.20.7\node_modules\pm2\node_modules\async\internal\onlyOnce.js:12:16
C:\Users\daotq\AppData\Local\nvm\v18.20.7\NPM.CMD:1
:: Created by npm, please don't edit manually.
^

SyntaxError: Unexpected token ':'
    at internalCompileFunction (node:internal/vm:76:18)
    at wrapSafe (node:internal/modules/cjs/loader:1283:20)
    at Module._compile (node:internal/modules/cjs/loader:1328:27)
    at Module._extensions..js (node:internal/modules/cjs/loader:1422:10)
    at Module.load (node:internal/modules/cjs/loader:1203:32)
    at Module._load (node:internal/modules/cjs/loader:1019:12)
    at C:\Users\daotq\AppData\Local\nvm\v18.20.7\node_modules\pm2\lib\ProcessContainer.js:292:27
    at wrapper (C:\Users\daotq\AppData\Local\nvm\v18.20.7\node_modules\pm2\node_modules\async\internal\once.js:12:16)
    at next (C:\Users\daotq\AppData\Local\nvm\v18.20.7\node_modules\pm2\node_modules\async\waterfall.js:96:20)
    at C:\Users\daotq\AppData\Local\nvm\v18.20.7\node_modules\pm2\node_modules\async\internal\onlyOnce.js:12:16
C:\Users\daotq\AppData\Local\nvm\v18.20.7\NPM.CMD:1
:: Created by npm, please don't edit manually.
^

SyntaxError: Unexpected token ':'
    at internalCompileFunction (node:internal/vm:76:18)
    at wrapSafe (node:internal/modules/cjs/loader:1283:20)
    at Module._compile (node:internal/modules/cjs/loader:1328:27)
    at Module._extensions..js (node:internal/modules/cjs/loader:1422:10)
    at Module.load (node:internal/modules/cjs/loader:1203:32)
    at Module._load (node:internal/modules/cjs/loader:1019:12)
    at C:\Users\daotq\AppData\Local\nvm\v18.20.7\node_modules\pm2\lib\ProcessContainer.js:292:27
    at wrapper (C:\Users\daotq\AppData\Local\nvm\v18.20.7\node_modules\pm2\node_modules\async\internal\once.js:12:16)
    at next (C:\Users\daotq\AppData\Local\nvm\v18.20.7\node_modules\pm2\node_modules\async\waterfall.js:96:20)
    at C:\Users\daotq\AppData\Local\nvm\v18.20.7\node_modules\pm2\node_modules\async\internal\onlyOnce.js:12:16
C:\Users\daotq\AppData\Local\nvm\v18.20.7\NPM.CMD:1
:: Created by npm, please don't edit manually.
^

SyntaxError: Unexpected token ':'
    at internalCompileFunction (node:internal/vm:76:18)
    at wrapSafe (node:internal/modules/cjs/loader:1283:20)
    at Module._compile (node:internal/modules/cjs/loader:1328:27)
    at Module._extensions..js (node:internal/modules/cjs/loader:1422:10)
    at Module.load (node:internal/modules/cjs/loader:1203:32)
    at Module._load (node:internal/modules/cjs/loader:1019:12)
    at C:\Users\daotq\AppData\Local\nvm\v18.20.7\node_modules\pm2\lib\ProcessContainer.js:292:27
    at wrapper (C:\Users\daotq\AppData\Local\nvm\v18.20.7\node_modules\pm2\node_modules\async\internal\once.js:12:16)
    at next (C:\Users\daotq\AppData\Local\nvm\v18.20.7\node_modules\pm2\node_modules\async\waterfall.js:96:20)
    at C:\Users\daotq\AppData\Local\nvm\v18.20.7\node_modules\pm2\node_modules\async\internal\onlyOnce.js:12:16
C:\Users\daotq\AppData\Local\nvm\v18.20.7\NPM.CMD:1
:: Created by npm, please don't edit manually.
^

SyntaxError: Unexpected token ':'
    at internalCompileFunction (node:internal/vm:76:18)
    at wrapSafe (node:internal/modules/cjs/loader:1283:20)
    at Module._compile (node:internal/modules/cjs/loader:1328:27)
    at Module._extensions..js (node:internal/modules/cjs/loader:1422:10)
    at Module.load (node:internal/modules/cjs/loader:1203:32)
    at Module._load (node:internal/modules/cjs/loader:1019:12)
    at C:\Users\daotq\AppData\Local\nvm\v18.20.7\node_modules\pm2\lib\ProcessContainer.js:292:27
    at wrapper (C:\Users\daotq\AppData\Local\nvm\v18.20.7\node_modules\pm2\node_modules\async\internal\once.js:12:16)
    at next (C:\Users\daotq\AppData\Local\nvm\v18.20.7\node_modules\pm2\node_modules\async\waterfall.js:96:20)
    at C:\Users\daotq\AppData\Local\nvm\v18.20.7\node_modules\pm2\node_modules\async\internal\onlyOnce.js:12:16
C:\Users\daotq\AppData\Local\nvm\v18.20.7\NPM.CMD:1
:: Created by npm, please don't edit manually.
^

SyntaxError: Unexpected token ':'
    at internalCompileFunction (node:internal/vm:76:18)
    at wrapSafe (node:internal/modules/cjs/loader:1283:20)
    at Module._compile (node:internal/modules/cjs/loader:1328:27)
    at Module._extensions..js (node:internal/modules/cjs/loader:1422:10)
    at Module.load (node:internal/modules/cjs/loader:1203:32)
    at Module._load (node:internal/modules/cjs/loader:1019:12)
    at C:\Users\daotq\AppData\Local\nvm\v18.20.7\node_modules\pm2\lib\ProcessContainer.js:292:27
    at wrapper (C:\Users\daotq\AppData\Local\nvm\v18.20.7\node_modules\pm2\node_modules\async\internal\once.js:12:16)
    at next (C:\Users\daotq\AppData\Local\nvm\v18.20.7\node_modules\pm2\node_modules\async\waterfall.js:96:20)
    at C:\Users\daotq\AppData\Local\nvm\v18.20.7\node_modules\pm2\node_modules\async\internal\onlyOnce.js:12:16
C:\Users\daotq\AppData\Local\nvm\v18.20.7\NPM.CMD:1
:: Created by npm, please don't edit manually.
^

SyntaxError: Unexpected token ':'
    at internalCompileFunction (node:internal/vm:76:18)
    at wrapSafe (node:internal/modules/cjs/loader:1283:20)
    at Module._compile (node:internal/modules/cjs/loader:1328:27)
    at Module._extensions..js (node:internal/modules/cjs/loader:1422:10)
    at Module.load (node:internal/modules/cjs/loader:1203:32)
    at Module._load (node:internal/modules/cjs/loader:1019:12)
    at C:\Users\daotq\AppData\Local\nvm\v18.20.7\node_modules\pm2\lib\ProcessContainer.js:292:27
    at wrapper (C:\Users\daotq\AppData\Local\nvm\v18.20.7\node_modules\pm2\node_modules\async\internal\once.js:12:16)
    at next (C:\Users\daotq\AppData\Local\nvm\v18.20.7\node_modules\pm2\node_modules\async\waterfall.js:96:20)
    at C:\Users\daotq\AppData\Local\nvm\v18.20.7\node_modules\pm2\node_modules\async\internal\onlyOnce.js:12:16
C:\Users\daotq\AppData\Local\nvm\v18.20.7\NPM.CMD:1
:: Created by npm, please don't edit manually.
^

SyntaxError: Unexpected token ':'
    at internalCompileFunction (node:internal/vm:76:18)
    at wrapSafe (node:internal/modules/cjs/loader:1283:20)
    at Module._compile (node:internal/modules/cjs/loader:1328:27)
    at Module._extensions..js (node:internal/modules/cjs/loader:1422:10)
    at Module.load (node:internal/modules/cjs/loader:1203:32)
    at Module._load (node:internal/modules/cjs/loader:1019:12)
    at C:\Users\daotq\AppData\Local\nvm\v18.20.7\node_modules\pm2\lib\ProcessContainer.js:292:27
    at wrapper (C:\Users\daotq\AppData\Local\nvm\v18.20.7\node_modules\pm2\node_modules\async\internal\once.js:12:16)
    at next (C:\Users\daotq\AppData\Local\nvm\v18.20.7\node_modules\pm2\node_modules\async\waterfall.js:96:20)
    at C:\Users\daotq\AppData\Local\nvm\v18.20.7\node_modules\pm2\node_modules\async\internal\onlyOnce.js:12:16
